-------------------------------------------------------------------------------
Test set: guru.springframework.msscbeerservice.MsscBeerServiceApplicationTests
-------------------------------------------------------------------------------
Tests run: 1, Failures: 0, Errors: 1, Skipped: 0, Time elapsed: 3.288 s <<< FAILURE! - in guru.springframework.msscbeerservice.MsscBeerServiceApplicationTests
contextLoads  Time elapsed: 0.005 s  <<< ERROR!
java.lang.IllegalStateException: Failed to load ApplicationContext
Caused by: org.springframework.beans.factory.UnsatisfiedDependencyException: Error creating bean with name 'beerServiceImpl' defined in file [C:\Users\dabbagh\Downloads\spring-boot-udemy\monolith\mssc-beer-service\target\classes\guru\springframework\msscbeerservice\services\BeerServiceImpl.class]: Unsatisfied dependency expressed through constructor parameter 1; nested exception is org.springframework.beans.factory.UnsatisfiedDependencyException: Error creating bean with name 'beerMapperImpl': Unsatisfied dependency expressed through method 'setBeerInventoryService' parameter 0; nested exception is org.springframework.boot.context.properties.ConfigurationPropertiesBindException: Error creating bean with name 'beerInventoryServiceRestTemplateImpl': Could not bind properties to 'BeerInventoryServiceRestTemplateImpl' : prefix=sfg.brewery, ignoreInvalidFields=false, ignoreUnknownFields=false; nested exception is org.springframework.boot.context.properties.bind.BindException: Failed to bind properties under 'sfg.brewery' to guru.springframework.msscbeerservice.services.inventory.BeerInventoryServiceRestTemplateImpl
Caused by: org.springframework.beans.factory.UnsatisfiedDependencyException: Error creating bean with name 'beerMapperImpl': Unsatisfied dependency expressed through method 'setBeerInventoryService' parameter 0; nested exception is org.springframework.boot.context.properties.ConfigurationPropertiesBindException: Error creating bean with name 'beerInventoryServiceRestTemplateImpl': Could not bind properties to 'BeerInventoryServiceRestTemplateImpl' : prefix=sfg.brewery, ignoreInvalidFields=false, ignoreUnknownFields=false; nested exception is org.springframework.boot.context.properties.bind.BindException: Failed to bind properties under 'sfg.brewery' to guru.springframework.msscbeerservice.services.inventory.BeerInventoryServiceRestTemplateImpl
Caused by: org.springframework.boot.context.properties.ConfigurationPropertiesBindException: Error creating bean with name 'beerInventoryServiceRestTemplateImpl': Could not bind properties to 'BeerInventoryServiceRestTemplateImpl' : prefix=sfg.brewery, ignoreInvalidFields=false, ignoreUnknownFields=false; nested exception is org.springframework.boot.context.properties.bind.BindException: Failed to bind properties under 'sfg.brewery' to guru.springframework.msscbeerservice.services.inventory.BeerInventoryServiceRestTemplateImpl
Caused by: org.springframework.boot.context.properties.bind.BindException: Failed to bind properties under 'sfg.brewery' to guru.springframework.msscbeerservice.services.inventory.BeerInventoryServiceRestTemplateImpl
Caused by: org.springframework.boot.context.properties.bind.UnboundConfigurationPropertiesException: The elements [sfg.brewery.beer-inventory-service-host] were left unbound.

