<?xml version="1.0" encoding="UTF-8"?>
<testsuite xmlns:xsi="http://www.w3.org/2001/XMLSchema-instance" xsi:noNamespaceSchemaLocation="https://maven.apache.org/surefire/maven-surefire-plugin/xsd/surefire-test-report.xsd" name="guru.springframework.msscbeerservice.MsscBeerServiceApplicationTests" time="3.288" tests="1" errors="1" skipped="0" failures="0">
  <properties>
[...]
</properties>
  <testcase name="contextLoads" classname="guru.springframework.msscbeerservice.MsscBeerServiceApplicationTests" time="0.005">
    <error message="Failed to load ApplicationContext" type="java.lang.IllegalStateException">java.lang.IllegalStateException: Failed to load ApplicationContext
Caused by: org.springframework.beans.factory.UnsatisfiedDependencyException: Error creating bean with name 'beerServiceImpl' defined in file [C:\Users\dabbagh\Downloads\spring-boot-udemy\monolith\mssc-beer-service\target\classes\guru\springframework\msscbeerservice\services\BeerServiceImpl.class]: Unsatisfied dependency expressed through constructor parameter 1; nested exception is org.springframework.beans.factory.UnsatisfiedDependencyException: Error creating bean with name 'beerMapperImpl': Unsatisfied dependency expressed through method 'setBeerInventoryService' parameter 0; nested exception is org.springframework.boot.context.properties.ConfigurationPropertiesBindException: Error creating bean with name 'beerInventoryServiceRestTemplateImpl': Could not bind properties to 'BeerInventoryServiceRestTemplateImpl' : prefix=sfg.brewery, ignoreInvalidFields=false, ignoreUnknownFields=false; nested exception is org.springframework.boot.context.properties.bind.BindException: Failed to bind properties under 'sfg.brewery' to guru.springframework.msscbeerservice.services.inventory.BeerInventoryServiceRestTemplateImpl
Caused by: org.springframework.beans.factory.UnsatisfiedDependencyException: Error creating bean with name 'beerMapperImpl': Unsatisfied dependency expressed through method 'setBeerInventoryService' parameter 0; nested exception is org.springframework.boot.context.properties.ConfigurationPropertiesBindException: Error creating bean with name 'beerInventoryServiceRestTemplateImpl': Could not bind properties to 'BeerInventoryServiceRestTemplateImpl' : prefix=sfg.brewery, ignoreInvalidFields=false, ignoreUnknownFields=false; nested exception is org.springframework.boot.context.properties.bind.BindException: Failed to bind properties under 'sfg.brewery' to guru.springframework.msscbeerservice.services.inventory.BeerInventoryServiceRestTemplateImpl
Caused by: org.springframework.boot.context.properties.ConfigurationPropertiesBindException: Error creating bean with name 'beerInventoryServiceRestTemplateImpl': Could not bind properties to 'BeerInventoryServiceRestTemplateImpl' : prefix=sfg.brewery, ignoreInvalidFields=false, ignoreUnknownFields=false; nested exception is org.springframework.boot.context.properties.bind.BindException: Failed to bind properties under 'sfg.brewery' to guru.springframework.msscbeerservice.services.inventory.BeerInventoryServiceRestTemplateImpl
Caused by: org.springframework.boot.context.properties.bind.BindException: Failed to bind properties under 'sfg.brewery' to guru.springframework.msscbeerservice.services.inventory.BeerInventoryServiceRestTemplateImpl
Caused by: org.springframework.boot.context.properties.bind.UnboundConfigurationPropertiesException: The elements [sfg.brewery.beer-inventory-service-host] were left unbound.
</error>
    <system-out><![CDATA[12:16:40.635 [main] DEBUG org.springframework.test.context.BootstrapUtils - Instantiating CacheAwareContextLoaderDelegate from class [org.springframework.test.context.cache.DefaultCacheAwareContextLoaderDelegate]
12:16:40.645 [main] DEBUG org.springframework.test.context.BootstrapUtils - Instantiating BootstrapContext using constructor [public org.springframework.test.context.support.DefaultBootstrapContext(java.lang.Class,org.springframework.test.context.CacheAwareContextLoaderDelegate)]
12:16:40.656 [main] DEBUG org.springframework.test.context.BootstrapUtils - Instantiating TestContextBootstrapper for test class [guru.springframework.msscbeerservice.MsscBeerServiceApplicationTests] from class [org.springframework.boot.test.context.SpringBootTestContextBootstrapper]
12:16:40.664 [main] INFO org.springframework.boot.test.context.SpringBootTestContextBootstrapper - Neither @ContextConfiguration nor @ContextHierarchy found for test class [guru.springframework.msscbeerservice.MsscBeerServiceApplicationTests], using SpringBootContextLoader
12:16:40.666 [main] DEBUG org.springframework.test.context.support.AbstractContextLoader - Did not detect default resource location for test class [guru.springframework.msscbeerservice.MsscBeerServiceApplicationTests]: class path resource [guru/springframework/msscbeerservice/MsscBeerServiceApplicationTests-context.xml] does not exist
12:16:40.666 [main] DEBUG org.springframework.test.context.support.AbstractContextLoader - Did not detect default resource location for test class [guru.springframework.msscbeerservice.MsscBeerServiceApplicationTests]: class path resource [guru/springframework/msscbeerservice/MsscBeerServiceApplicationTestsContext.groovy] does not exist
12:16:40.666 [main] INFO org.springframework.test.context.support.AbstractContextLoader - Could not detect default resource locations for test class [guru.springframework.msscbeerservice.MsscBeerServiceApplicationTests]: no resource found for suffixes {-context.xml, Context.groovy}.
12:16:40.667 [main] INFO org.springframework.test.context.support.AnnotationConfigContextLoaderUtils - Could not detect default configuration classes for test class [guru.springframework.msscbeerservice.MsscBeerServiceApplicationTests]: MsscBeerServiceApplicationTests does not declare any static, non-private, non-final, nested classes annotated with @Configuration.
12:16:40.693 [main] DEBUG org.springframework.test.context.support.ActiveProfilesUtils - Could not find an 'annotation declaring class' for annotation type [org.springframework.test.context.ActiveProfiles] and class [guru.springframework.msscbeerservice.MsscBeerServiceApplicationTests]
12:16:40.728 [main] DEBUG org.springframework.context.annotation.ClassPathScanningCandidateComponentProvider - Identified candidate component class: file [C:\Users\dabbagh\Downloads\spring-boot-udemy\monolith\mssc-beer-service\target\classes\guru\springframework\msscbeerservice\MsscBeerServiceApplication.class]
12:16:40.729 [main] INFO org.springframework.boot.test.context.SpringBootTestContextBootstrapper - Found @SpringBootConfiguration guru.springframework.msscbeerservice.MsscBeerServiceApplication for test class guru.springframework.msscbeerservice.MsscBeerServiceApplicationTests
12:16:40.790 [main] DEBUG org.springframework.boot.test.context.SpringBootTestContextBootstrapper - @TestExecutionListeners is not present for class [guru.springframework.msscbeerservice.MsscBeerServiceApplicationTests]: using defaults.
12:16:40.790 [main] INFO org.springframework.boot.test.context.SpringBootTestContextBootstrapper - Loaded default TestExecutionListener class names from location [META-INF/spring.factories]: [org.springframework.boot.test.mock.mockito.MockitoTestExecutionListener, org.springframework.boot.test.mock.mockito.ResetMocksTestExecutionListener, org.springframework.boot.test.autoconfigure.restdocs.RestDocsTestExecutionListener, org.springframework.boot.test.autoconfigure.web.client.MockRestServiceServerResetTestExecutionListener, org.springframework.boot.test.autoconfigure.web.servlet.MockMvcPrintOnlyOnFailureTestExecutionListener, org.springframework.boot.test.autoconfigure.web.servlet.WebDriverTestExecutionListener, org.springframework.test.context.web.ServletTestExecutionListener, org.springframework.test.context.support.DirtiesContextBeforeModesTestExecutionListener, org.springframework.test.context.support.DependencyInjectionTestExecutionListener, org.springframework.test.context.support.DirtiesContextTestExecutionListener, org.springframework.test.context.transaction.TransactionalTestExecutionListener, org.springframework.test.context.jdbc.SqlScriptsTestExecutionListener]
12:16:40.802 [main] INFO org.springframework.boot.test.context.SpringBootTestContextBootstrapper - Using TestExecutionListeners: [org.springframework.test.context.web.ServletTestExecutionListener@4e928fbf, org.springframework.test.context.support.DirtiesContextBeforeModesTestExecutionListener@352ff4da, org.springframework.boot.test.mock.mockito.MockitoTestExecutionListener@3224a577, org.springframework.boot.test.autoconfigure.SpringBootDependencyInjectionTestExecutionListener@2e32ccc5, org.springframework.test.context.support.DirtiesContextTestExecutionListener@748741cb, org.springframework.test.context.transaction.TransactionalTestExecutionListener@3e44f2a5, org.springframework.test.context.jdbc.SqlScriptsTestExecutionListener@295cf707, org.springframework.boot.test.mock.mockito.ResetMocksTestExecutionListener@1130520d, org.springframework.boot.test.autoconfigure.restdocs.RestDocsTestExecutionListener@5f77d0f9, org.springframework.boot.test.autoconfigure.web.client.MockRestServiceServerResetTestExecutionListener@463fd068, org.springframework.boot.test.autoconfigure.web.servlet.MockMvcPrintOnlyOnFailureTestExecutionListener@895e367, org.springframework.boot.test.autoconfigure.web.servlet.WebDriverTestExecutionListener@1b266842]
12:16:40.805 [main] DEBUG org.springframework.test.context.support.AbstractDirtiesContextTestExecutionListener - Before test class: context [DefaultTestContext@11d8ae8b testClass = MsscBeerServiceApplicationTests, testInstance = [null], testMethod = [null], testException = [null], mergedContextConfiguration = [WebMergedContextConfiguration@479cbee5 testClass = MsscBeerServiceApplicationTests, locations = '{}', classes = '{class guru.springframework.msscbeerservice.MsscBeerServiceApplication}', contextInitializerClasses = '[]', activeProfiles = '{}', propertySourceLocations = '{}', propertySourceProperties = '{org.springframework.boot.test.context.SpringBootTestContextBootstrapper=true}', contextCustomizers = set[org.springframework.boot.test.context.filter.ExcludeFilterContextCustomizer@68567e20, org.springframework.boot.test.json.DuplicateJsonObjectContextCustomizerFactory$DuplicateJsonObjectContextCustomizer@394a2528, org.springframework.boot.test.mock.mockito.MockitoContextCustomizer@0, org.springframework.boot.test.web.client.TestRestTemplateContextCustomizer@11c9af63, org.springframework.boot.test.autoconfigure.properties.PropertyMappingContextCustomizer@0, org.springframework.boot.test.autoconfigure.web.servlet.WebDriverContextCustomizerFactory$Customizer@46fa7c39], resourceBasePath = 'src/main/webapp', contextLoader = 'org.springframework.boot.test.context.SpringBootContextLoader', parent = [null]], attributes = map['org.springframework.test.context.web.ServletTestExecutionListener.activateListener' -> true]], class annotated with @DirtiesContext [false] with mode [null].
12:16:40.823 [main] DEBUG org.springframework.test.context.support.TestPropertySourceUtils - Adding inlined properties to environment: {spring.jmx.enabled=false, org.springframework.boot.test.context.SpringBootTestContextBootstrapper=true, server.port=-1}

  .   ____          _            __ _ _
 /\\ / ___'_ __ _ _(_)_ __  __ _ \ \ \ \
( ( )\___ | '_ | '_| | '_ \/ _` | \ \ \ \
 \\/  ___)| |_)| | | | | || (_| |  ) ) ) )
  '  |____| .__|_| |_|_| |_\__, | / / / /
 =========|_|==============|___/=/_/_/_/
 :: Spring Boot ::        (v2.1.5.RELEASE)

2024-07-18 12:16:40.994  INFO 7364 --- [           main] g.s.m.MsscBeerServiceApplicationTests    : Starting MsscBeerServiceApplicationTests on 7432JL3 with PID 7364 (started by dabbagh in C:\Users\dabbagh\Downloads\spring-boot-udemy\monolith\mssc-beer-service)
2024-07-18 12:16:40.995  INFO 7364 --- [           main] g.s.m.MsscBeerServiceApplicationTests    : No active profile set, falling back to default profiles: default
2024-07-18 12:16:41.859  INFO 7364 --- [           main] .s.d.r.c.RepositoryConfigurationDelegate : Bootstrapping Spring Data repositories in DEFAULT mode.
2024-07-18 12:16:41.913  INFO 7364 --- [           main] .s.d.r.c.RepositoryConfigurationDelegate : Finished Spring Data repository scanning in 48ms. Found 1 repository interfaces.
2024-07-18 12:16:42.285  INFO 7364 --- [           main] trationDelegate$BeanPostProcessorChecker : Bean 'org.springframework.transaction.annotation.ProxyTransactionManagementConfiguration' of type [org.springframework.transaction.annotation.ProxyTransactionManagementConfiguration$$EnhancerBySpringCGLIB$$316e73ab] is not eligible for getting processed by all BeanPostProcessors (for example: not eligible for auto-proxying)
2024-07-18 12:16:42.455  INFO 7364 --- [           main] com.zaxxer.hikari.HikariDataSource       : HikariPool-1 - Starting...
2024-07-18 12:16:42.568  INFO 7364 --- [           main] com.zaxxer.hikari.HikariDataSource       : HikariPool-1 - Start completed.
2024-07-18 12:16:42.633  INFO 7364 --- [           main] o.hibernate.jpa.internal.util.LogHelper  : HHH000204: Processing PersistenceUnitInfo [
	name: default
	...]
2024-07-18 12:16:42.703  INFO 7364 --- [           main] org.hibernate.Version                    : HHH000412: Hibernate Core {5.3.10.Final}
2024-07-18 12:16:42.704  INFO 7364 --- [           main] org.hibernate.cfg.Environment            : HHH000206: hibernate.properties not found
2024-07-18 12:16:42.821  INFO 7364 --- [           main] o.hibernate.annotations.common.Version   : HCANN000001: Hibernate Commons Annotations {5.0.4.Final}
2024-07-18 12:16:42.991  INFO 7364 --- [           main] org.hibernate.dialect.Dialect            : HHH000400: Using dialect: org.hibernate.dialect.H2Dialect
2024-07-18 12:16:43.396  INFO 7364 --- [           main] o.h.t.schema.internal.SchemaCreatorImpl  : HHH000476: Executing import script 'org.hibernate.tool.schema.internal.exec.ScriptSourceInputNonExistentImpl@265287ec'
2024-07-18 12:16:43.397  INFO 7364 --- [           main] j.LocalContainerEntityManagerFactoryBean : Initialized JPA EntityManagerFactory for persistence unit 'default'
2024-07-18 12:16:43.854  WARN 7364 --- [           main] o.s.w.c.s.GenericWebApplicationContext   : Exception encountered during context initialization - cancelling refresh attempt: org.springframework.beans.factory.UnsatisfiedDependencyException: Error creating bean with name 'beerServiceImpl' defined in file [C:\Users\dabbagh\Downloads\spring-boot-udemy\monolith\mssc-beer-service\target\classes\guru\springframework\msscbeerservice\services\BeerServiceImpl.class]: Unsatisfied dependency expressed through constructor parameter 1; nested exception is org.springframework.beans.factory.UnsatisfiedDependencyException: Error creating bean with name 'beerMapperImpl': Unsatisfied dependency expressed through method 'setBeerInventoryService' parameter 0; nested exception is org.springframework.boot.context.properties.ConfigurationPropertiesBindException: Error creating bean with name 'beerInventoryServiceRestTemplateImpl': Could not bind properties to 'BeerInventoryServiceRestTemplateImpl' : prefix=sfg.brewery, ignoreInvalidFields=false, ignoreUnknownFields=false; nested exception is org.springframework.boot.context.properties.bind.BindException: Failed to bind properties under 'sfg.brewery' to guru.springframework.msscbeerservice.services.inventory.BeerInventoryServiceRestTemplateImpl
2024-07-18 12:16:43.855  INFO 7364 --- [           main] j.LocalContainerEntityManagerFactoryBean : Closing JPA EntityManagerFactory for persistence unit 'default'
2024-07-18 12:16:43.855  INFO 7364 --- [           main] .SchemaDropperImpl$DelayedDropActionImpl : HHH000477: Starting delayed evictData of schema as part of SessionFactory shut-down'
2024-07-18 12:16:43.860  INFO 7364 --- [           main] o.s.b.f.support.DisposableBeanAdapter    : Invocation of destroy method failed on bean with name 'inMemoryDatabaseShutdownExecutor': org.h2.jdbc.JdbcSQLNonTransientConnectionException: Database is already closed (to disable automatic closing at VM shutdown, add ";DB_CLOSE_ON_EXIT=FALSE" to the db URL) [90121-199]
2024-07-18 12:16:43.861  INFO 7364 --- [           main] com.zaxxer.hikari.HikariDataSource       : HikariPool-1 - Shutdown initiated...
2024-07-18 12:16:43.863  INFO 7364 --- [           main] com.zaxxer.hikari.HikariDataSource       : HikariPool-1 - Shutdown completed.
2024-07-18 12:16:43.871  INFO 7364 --- [           main] ConditionEvaluationReportLoggingListener : 

Error starting ApplicationContext. To display the conditions report re-run your application with 'debug' enabled.
2024-07-18 12:16:43.873 ERROR 7364 --- [           main] o.s.b.d.LoggingFailureAnalysisReporter   : 

***************************
APPLICATION FAILED TO START
***************************

Description:

Binding to target [Bindable@26be0d23 type = guru.springframework.msscbeerservice.services.inventory.BeerInventoryServiceRestTemplateImpl, value = 'provided', annotations = array<Annotation>[@org.springframework.boot.context.properties.ConfigurationProperties(value=sfg.brewery, prefix=sfg.brewery, ignoreUnknownFields=false, ignoreInvalidFields=false)]] failed:

    Property: sfg.brewery.beer-inventory-service-host
    Value: http://localhost:8082
    Origin: class path resource [application.properties]:2:41
    Reason: The elements [sfg.brewery.beer-inventory-service-host] were left unbound.

Action:

Update your application's configuration

2024-07-18 12:16:43.878 ERROR 7364 --- [           main] o.s.test.context.TestContextManager      : Caught exception while allowing TestExecutionListener [org.springframework.test.context.web.ServletTestExecutionListener@4e928fbf] to prepare test instance [guru.springframework.msscbeerservice.MsscBeerServiceApplicationTests@594c66c3]

java.lang.IllegalStateException: Failed to load ApplicationContext
	at org.springframework.test.context.cache.DefaultCacheAwareContextLoaderDelegate.loadContext(DefaultCacheAwareContextLoaderDelegate.java:125) ~[spring-test-5.1.7.RELEASE.jar:5.1.7.RELEASE]
	at org.springframework.test.context.support.DefaultTestContext.getApplicationContext(DefaultTestContext.java:108) ~[spring-test-5.1.7.RELEASE.jar:5.1.7.RELEASE]
	at org.springframework.test.context.web.ServletTestExecutionListener.setUpRequestContextIfNecessary(ServletTestExecutionListener.java:190) ~[spring-test-5.1.7.RELEASE.jar:5.1.7.RELEASE]
	at org.springframework.test.context.web.ServletTestExecutionListener.prepareTestInstance(ServletTestExecutionListener.java:132) ~[spring-test-5.1.7.RELEASE.jar:5.1.7.RELEASE]
	at org.springframework.test.context.TestContextManager.prepareTestInstance(TestContextManager.java:246) ~[spring-test-5.1.7.RELEASE.jar:5.1.7.RELEASE]
	at org.springframework.test.context.junit.jupiter.SpringExtension.postProcessTestInstance(SpringExtension.java:97) ~[spring-test-5.1.7.RELEASE.jar:5.1.7.RELEASE]
	at org.junit.jupiter.engine.descriptor.ClassTestDescriptor.lambda$invokeTestInstancePostProcessors$5(ClassTestDescriptor.java:349) ~[junit-jupiter-engine-5.3.2.jar:5.3.2]
	at org.junit.jupiter.engine.descriptor.JupiterTestDescriptor.executeAndMaskThrowable(JupiterTestDescriptor.java:215) ~[junit-jupiter-engine-5.3.2.jar:5.3.2]
	at org.junit.jupiter.engine.descriptor.ClassTestDescriptor.lambda$invokeTestInstancePostProcessors$6(ClassTestDescriptor.java:349) ~[junit-jupiter-engine-5.3.2.jar:5.3.2]
	at java.base/java.util.stream.ReferencePipeline$3$1.accept(ReferencePipeline.java:197) ~[na:na]
	at java.base/java.util.stream.ReferencePipeline$2$1.accept(ReferencePipeline.java:179) ~[na:na]
	at java.base/java.util.ArrayList$ArrayListSpliterator.forEachRemaining(ArrayList.java:1625) ~[na:na]
	at java.base/java.util.stream.AbstractPipeline.copyInto(AbstractPipeline.java:509) ~[na:na]
	at java.base/java.util.stream.AbstractPipeline.wrapAndCopyInto(AbstractPipeline.java:499) ~[na:na]
	at java.base/java.util.stream.StreamSpliterators$WrappingSpliterator.forEachRemaining(StreamSpliterators.java:310) ~[na:na]
	at java.base/java.util.stream.Streams$ConcatSpliterator.forEachRemaining(Streams.java:735) ~[na:na]
	at java.base/java.util.stream.Streams$ConcatSpliterator.forEachRemaining(Streams.java:734) ~[na:na]
	at java.base/java.util.stream.ReferencePipeline$Head.forEach(ReferencePipeline.java:762) ~[na:na]
	at org.junit.jupiter.engine.descriptor.ClassTestDescriptor.invokeTestInstancePostProcessors(ClassTestDescriptor.java:348) ~[junit-jupiter-engine-5.3.2.jar:5.3.2]
	at org.junit.jupiter.engine.descriptor.ClassTestDescriptor.instantiateAndPostProcessTestInstance(ClassTestDescriptor.java:270) ~[junit-jupiter-engine-5.3.2.jar:5.3.2]
	at org.junit.jupiter.engine.descriptor.ClassTestDescriptor.lambda$testInstanceProvider$2(ClassTestDescriptor.java:259) ~[junit-jupiter-engine-5.3.2.jar:5.3.2]
	at org.junit.jupiter.engine.descriptor.ClassTestDescriptor.lambda$testInstanceProvider$3(ClassTestDescriptor.java:263) ~[junit-jupiter-engine-5.3.2.jar:5.3.2]
	at java.base/java.util.Optional.orElseGet(Optional.java:364) ~[na:na]
	at org.junit.jupiter.engine.descriptor.ClassTestDescriptor.lambda$testInstanceProvider$4(ClassTestDescriptor.java:262) ~[junit-jupiter-engine-5.3.2.jar:5.3.2]
	at org.junit.jupiter.engine.descriptor.TestMethodTestDescriptor.prepare(TestMethodTestDescriptor.java:82) ~[junit-jupiter-engine-5.3.2.jar:5.3.2]
	at org.junit.jupiter.engine.descriptor.TestMethodTestDescriptor.prepare(TestMethodTestDescriptor.java:59) ~[junit-jupiter-engine-5.3.2.jar:5.3.2]
	at org.junit.platform.engine.support.hierarchical.NodeTestTask.lambda$prepare$0(NodeTestTask.java:83) ~[junit-platform-engine-1.3.2.jar:1.3.2]
	at org.junit.platform.engine.support.hierarchical.ThrowableCollector.execute(ThrowableCollector.java:72) ~[junit-platform-engine-1.3.2.jar:1.3.2]
	at org.junit.platform.engine.support.hierarchical.NodeTestTask.prepare(NodeTestTask.java:83) ~[junit-platform-engine-1.3.2.jar:1.3.2]
	at org.junit.platform.engine.support.hierarchical.NodeTestTask.execute(NodeTestTask.java:69) ~[junit-platform-engine-1.3.2.jar:1.3.2]
	at java.base/java.util.ArrayList.forEach(ArrayList.java:1511) ~[na:na]
	at org.junit.platform.engine.support.hierarchical.SameThreadHierarchicalTestExecutorService.invokeAll(SameThreadHierarchicalTestExecutorService.java:38) ~[junit-platform-engine-1.3.2.jar:1.3.2]
	at org.junit.platform.engine.support.hierarchical.NodeTestTask.lambda$executeRecursively$4(NodeTestTask.java:112) ~[junit-platform-engine-1.3.2.jar:1.3.2]
	at org.junit.platform.engine.support.hierarchical.ThrowableCollector.execute(ThrowableCollector.java:72) ~[junit-platform-engine-1.3.2.jar:1.3.2]
	at org.junit.platform.engine.support.hierarchical.NodeTestTask.executeRecursively(NodeTestTask.java:98) ~[junit-platform-engine-1.3.2.jar:1.3.2]
	at org.junit.platform.engine.support.hierarchical.NodeTestTask.execute(NodeTestTask.java:74) ~[junit-platform-engine-1.3.2.jar:1.3.2]
	at java.base/java.util.ArrayList.forEach(ArrayList.java:1511) ~[na:na]
	at org.junit.platform.engine.support.hierarchical.SameThreadHierarchicalTestExecutorService.invokeAll(SameThreadHierarchicalTestExecutorService.java:38) ~[junit-platform-engine-1.3.2.jar:1.3.2]
	at org.junit.platform.engine.support.hierarchical.NodeTestTask.lambda$executeRecursively$4(NodeTestTask.java:112) ~[junit-platform-engine-1.3.2.jar:1.3.2]
	at org.junit.platform.engine.support.hierarchical.ThrowableCollector.execute(ThrowableCollector.java:72) ~[junit-platform-engine-1.3.2.jar:1.3.2]
	at org.junit.platform.engine.support.hierarchical.NodeTestTask.executeRecursively(NodeTestTask.java:98) ~[junit-platform-engine-1.3.2.jar:1.3.2]
	at org.junit.platform.engine.support.hierarchical.NodeTestTask.execute(NodeTestTask.java:74) ~[junit-platform-engine-1.3.2.jar:1.3.2]
	at org.junit.platform.engine.support.hierarchical.SameThreadHierarchicalTestExecutorService.submit(SameThreadHierarchicalTestExecutorService.java:32) ~[junit-platform-engine-1.3.2.jar:1.3.2]
	at org.junit.platform.engine.support.hierarchical.HierarchicalTestExecutor.execute(HierarchicalTestExecutor.java:57) ~[junit-platform-engine-1.3.2.jar:1.3.2]
	at org.junit.platform.engine.support.hierarchical.HierarchicalTestEngine.execute(HierarchicalTestEngine.java:51) ~[junit-platform-engine-1.3.2.jar:1.3.2]
	at org.junit.platform.launcher.core.DefaultLauncher.execute(DefaultLauncher.java:220) ~[junit-platform-launcher-1.3.1.jar:1.3.1]
	at org.junit.platform.launcher.core.DefaultLauncher.lambda$execute$6(DefaultLauncher.java:188) ~[junit-platform-launcher-1.3.1.jar:1.3.1]
	at org.junit.platform.launcher.core.DefaultLauncher.withInterceptedStreams(DefaultLauncher.java:202) ~[junit-platform-launcher-1.3.1.jar:1.3.1]
	at org.junit.platform.launcher.core.DefaultLauncher.execute(DefaultLauncher.java:181) ~[junit-platform-launcher-1.3.1.jar:1.3.1]
	at org.junit.platform.launcher.core.DefaultLauncher.execute(DefaultLauncher.java:128) ~[junit-platform-launcher-1.3.1.jar:1.3.1]
	at org.apache.maven.surefire.junitplatform.JUnitPlatformProvider.invokeAllTests(JUnitPlatformProvider.java:150) ~[surefire-junit-platform-2.22.2.jar:2.22.2]
	at org.apache.maven.surefire.junitplatform.JUnitPlatformProvider.invoke(JUnitPlatformProvider.java:124) ~[surefire-junit-platform-2.22.2.jar:2.22.2]
	at org.apache.maven.surefire.booter.ForkedBooter.invokeProviderInSameClassLoader(ForkedBooter.java:384) ~[surefire-booter-2.22.2.jar:2.22.2]
	at org.apache.maven.surefire.booter.ForkedBooter.runSuitesInProcess(ForkedBooter.java:345) ~[surefire-booter-2.22.2.jar:2.22.2]
	at org.apache.maven.surefire.booter.ForkedBooter.execute(ForkedBooter.java:126) ~[surefire-booter-2.22.2.jar:2.22.2]
	at org.apache.maven.surefire.booter.ForkedBooter.main(ForkedBooter.java:418) ~[surefire-booter-2.22.2.jar:2.22.2]
Caused by: org.springframework.beans.factory.UnsatisfiedDependencyException: Error creating bean with name 'beerServiceImpl' defined in file [C:\Users\dabbagh\Downloads\spring-boot-udemy\monolith\mssc-beer-service\target\classes\guru\springframework\msscbeerservice\services\BeerServiceImpl.class]: Unsatisfied dependency expressed through constructor parameter 1; nested exception is org.springframework.beans.factory.UnsatisfiedDependencyException: Error creating bean with name 'beerMapperImpl': Unsatisfied dependency expressed through method 'setBeerInventoryService' parameter 0; nested exception is org.springframework.boot.context.properties.ConfigurationPropertiesBindException: Error creating bean with name 'beerInventoryServiceRestTemplateImpl': Could not bind properties to 'BeerInventoryServiceRestTemplateImpl' : prefix=sfg.brewery, ignoreInvalidFields=false, ignoreUnknownFields=false; nested exception is org.springframework.boot.context.properties.bind.BindException: Failed to bind properties under 'sfg.brewery' to guru.springframework.msscbeerservice.services.inventory.BeerInventoryServiceRestTemplateImpl
	at org.springframework.beans.factory.support.ConstructorResolver.createArgumentArray(ConstructorResolver.java:769) ~[spring-beans-5.1.7.RELEASE.jar:5.1.7.RELEASE]
	at org.springframework.beans.factory.support.ConstructorResolver.autowireConstructor(ConstructorResolver.java:218) ~[spring-beans-5.1.7.RELEASE.jar:5.1.7.RELEASE]
	at org.springframework.beans.factory.support.AbstractAutowireCapableBeanFactory.autowireConstructor(AbstractAutowireCapableBeanFactory.java:1341) ~[spring-beans-5.1.7.RELEASE.jar:5.1.7.RELEASE]
	at org.springframework.beans.factory.support.AbstractAutowireCapableBeanFactory.createBeanInstance(AbstractAutowireCapableBeanFactory.java:1187) ~[spring-beans-5.1.7.RELEASE.jar:5.1.7.RELEASE]
	at org.springframework.beans.factory.support.AbstractAutowireCapableBeanFactory.doCreateBean(AbstractAutowireCapableBeanFactory.java:555) ~[spring-beans-5.1.7.RELEASE.jar:5.1.7.RELEASE]
	at org.springframework.beans.factory.support.AbstractAutowireCapableBeanFactory.createBean(AbstractAutowireCapableBeanFactory.java:515) ~[spring-beans-5.1.7.RELEASE.jar:5.1.7.RELEASE]
	at org.springframework.beans.factory.support.AbstractBeanFactory.lambda$doGetBean$0(AbstractBeanFactory.java:320) ~[spring-beans-5.1.7.RELEASE.jar:5.1.7.RELEASE]
	at org.springframework.beans.factory.support.DefaultSingletonBeanRegistry.getSingleton(DefaultSingletonBeanRegistry.java:222) ~[spring-beans-5.1.7.RELEASE.jar:5.1.7.RELEASE]
	at org.springframework.beans.factory.support.AbstractBeanFactory.doGetBean(AbstractBeanFactory.java:318) ~[spring-beans-5.1.7.RELEASE.jar:5.1.7.RELEASE]
	at org.springframework.beans.factory.support.AbstractBeanFactory.getBean(AbstractBeanFactory.java:199) ~[spring-beans-5.1.7.RELEASE.jar:5.1.7.RELEASE]
	at org.springframework.beans.factory.support.DefaultListableBeanFactory.preInstantiateSingletons(DefaultListableBeanFactory.java:843) ~[spring-beans-5.1.7.RELEASE.jar:5.1.7.RELEASE]
	at org.springframework.context.support.AbstractApplicationContext.finishBeanFactoryInitialization(AbstractApplicationContext.java:877) ~[spring-context-5.1.7.RELEASE.jar:5.1.7.RELEASE]
	at org.springframework.context.support.AbstractApplicationContext.refresh(AbstractApplicationContext.java:549) ~[spring-context-5.1.7.RELEASE.jar:5.1.7.RELEASE]
	at org.springframework.boot.SpringApplication.refresh(SpringApplication.java:775) ~[spring-boot-2.1.5.RELEASE.jar:2.1.5.RELEASE]
	at org.springframework.boot.SpringApplication.refreshContext(SpringApplication.java:397) ~[spring-boot-2.1.5.RELEASE.jar:2.1.5.RELEASE]
	at org.springframework.boot.SpringApplication.run(SpringApplication.java:316) ~[spring-boot-2.1.5.RELEASE.jar:2.1.5.RELEASE]
	at org.springframework.boot.test.context.SpringBootContextLoader.loadContext(SpringBootContextLoader.java:127) ~[spring-boot-test-2.1.5.RELEASE.jar:2.1.5.RELEASE]
	at org.springframework.test.context.cache.DefaultCacheAwareContextLoaderDelegate.loadContextInternal(DefaultCacheAwareContextLoaderDelegate.java:99) ~[spring-test-5.1.7.RELEASE.jar:5.1.7.RELEASE]
	at org.springframework.test.context.cache.DefaultCacheAwareContextLoaderDelegate.loadContext(DefaultCacheAwareContextLoaderDelegate.java:117) ~[spring-test-5.1.7.RELEASE.jar:5.1.7.RELEASE]
	... 55 common frames omitted
Caused by: org.springframework.beans.factory.UnsatisfiedDependencyException: Error creating bean with name 'beerMapperImpl': Unsatisfied dependency expressed through method 'setBeerInventoryService' parameter 0; nested exception is org.springframework.boot.context.properties.ConfigurationPropertiesBindException: Error creating bean with name 'beerInventoryServiceRestTemplateImpl': Could not bind properties to 'BeerInventoryServiceRestTemplateImpl' : prefix=sfg.brewery, ignoreInvalidFields=false, ignoreUnknownFields=false; nested exception is org.springframework.boot.context.properties.bind.BindException: Failed to bind properties under 'sfg.brewery' to guru.springframework.msscbeerservice.services.inventory.BeerInventoryServiceRestTemplateImpl
	at org.springframework.beans.factory.annotation.AutowiredAnnotationBeanPostProcessor$AutowiredMethodElement.inject(AutowiredAnnotationBeanPostProcessor.java:676) ~[spring-beans-5.1.7.RELEASE.jar:5.1.7.RELEASE]
	at org.springframework.beans.factory.annotation.InjectionMetadata.inject(InjectionMetadata.java:90) ~[spring-beans-5.1.7.RELEASE.jar:5.1.7.RELEASE]
	at org.springframework.beans.factory.annotation.AutowiredAnnotationBeanPostProcessor.postProcessProperties(AutowiredAnnotationBeanPostProcessor.java:374) ~[spring-beans-5.1.7.RELEASE.jar:5.1.7.RELEASE]
	at org.springframework.beans.factory.support.AbstractAutowireCapableBeanFactory.populateBean(AbstractAutowireCapableBeanFactory.java:1411) ~[spring-beans-5.1.7.RELEASE.jar:5.1.7.RELEASE]
	at org.springframework.beans.factory.support.AbstractAutowireCapableBeanFactory.doCreateBean(AbstractAutowireCapableBeanFactory.java:592) ~[spring-beans-5.1.7.RELEASE.jar:5.1.7.RELEASE]
	at org.springframework.beans.factory.support.AbstractAutowireCapableBeanFactory.createBean(AbstractAutowireCapableBeanFactory.java:515) ~[spring-beans-5.1.7.RELEASE.jar:5.1.7.RELEASE]
	at org.springframework.beans.factory.support.AbstractBeanFactory.lambda$doGetBean$0(AbstractBeanFactory.java:320) ~[spring-beans-5.1.7.RELEASE.jar:5.1.7.RELEASE]
	at org.springframework.beans.factory.support.DefaultSingletonBeanRegistry.getSingleton(DefaultSingletonBeanRegistry.java:222) ~[spring-beans-5.1.7.RELEASE.jar:5.1.7.RELEASE]
	at org.springframework.beans.factory.support.AbstractBeanFactory.doGetBean(AbstractBeanFactory.java:318) ~[spring-beans-5.1.7.RELEASE.jar:5.1.7.RELEASE]
	at org.springframework.beans.factory.support.AbstractBeanFactory.getBean(AbstractBeanFactory.java:199) ~[spring-beans-5.1.7.RELEASE.jar:5.1.7.RELEASE]
	at org.springframework.beans.factory.config.DependencyDescriptor.resolveCandidate(DependencyDescriptor.java:277) ~[spring-beans-5.1.7.RELEASE.jar:5.1.7.RELEASE]
	at org.springframework.beans.factory.support.DefaultListableBeanFactory.doResolveDependency(DefaultListableBeanFactory.java:1248) ~[spring-beans-5.1.7.RELEASE.jar:5.1.7.RELEASE]
	at org.springframework.beans.factory.support.DefaultListableBeanFactory.resolveDependency(DefaultListableBeanFactory.java:1168) ~[spring-beans-5.1.7.RELEASE.jar:5.1.7.RELEASE]
	at org.springframework.beans.factory.support.ConstructorResolver.resolveAutowiredArgument(ConstructorResolver.java:857) ~[spring-beans-5.1.7.RELEASE.jar:5.1.7.RELEASE]
	at org.springframework.beans.factory.support.ConstructorResolver.createArgumentArray(ConstructorResolver.java:760) ~[spring-beans-5.1.7.RELEASE.jar:5.1.7.RELEASE]
	... 73 common frames omitted
Caused by: org.springframework.boot.context.properties.ConfigurationPropertiesBindException: Error creating bean with name 'beerInventoryServiceRestTemplateImpl': Could not bind properties to 'BeerInventoryServiceRestTemplateImpl' : prefix=sfg.brewery, ignoreInvalidFields=false, ignoreUnknownFields=false; nested exception is org.springframework.boot.context.properties.bind.BindException: Failed to bind properties under 'sfg.brewery' to guru.springframework.msscbeerservice.services.inventory.BeerInventoryServiceRestTemplateImpl
	at org.springframework.boot.context.properties.ConfigurationPropertiesBindingPostProcessor.bind(ConfigurationPropertiesBindingPostProcessor.java:110) ~[spring-boot-2.1.5.RELEASE.jar:2.1.5.RELEASE]
	at org.springframework.boot.context.properties.ConfigurationPropertiesBindingPostProcessor.postProcessBeforeInitialization(ConfigurationPropertiesBindingPostProcessor.java:93) ~[spring-boot-2.1.5.RELEASE.jar:2.1.5.RELEASE]
	at org.springframework.beans.factory.support.AbstractAutowireCapableBeanFactory.applyBeanPostProcessorsBeforeInitialization(AbstractAutowireCapableBeanFactory.java:414) ~[spring-beans-5.1.7.RELEASE.jar:5.1.7.RELEASE]
	at org.springframework.beans.factory.support.AbstractAutowireCapableBeanFactory.initializeBean(AbstractAutowireCapableBeanFactory.java:1770) ~[spring-beans-5.1.7.RELEASE.jar:5.1.7.RELEASE]
	at org.springframework.beans.factory.support.AbstractAutowireCapableBeanFactory.doCreateBean(AbstractAutowireCapableBeanFactory.java:593) ~[spring-beans-5.1.7.RELEASE.jar:5.1.7.RELEASE]
	at org.springframework.beans.factory.support.AbstractAutowireCapableBeanFactory.createBean(AbstractAutowireCapableBeanFactory.java:515) ~[spring-beans-5.1.7.RELEASE.jar:5.1.7.RELEASE]
	at org.springframework.beans.factory.support.AbstractBeanFactory.lambda$doGetBean$0(AbstractBeanFactory.java:320) ~[spring-beans-5.1.7.RELEASE.jar:5.1.7.RELEASE]
	at org.springframework.beans.factory.support.DefaultSingletonBeanRegistry.getSingleton(DefaultSingletonBeanRegistry.java:222) ~[spring-beans-5.1.7.RELEASE.jar:5.1.7.RELEASE]
	at org.springframework.beans.factory.support.AbstractBeanFactory.doGetBean(AbstractBeanFactory.java:318) ~[spring-beans-5.1.7.RELEASE.jar:5.1.7.RELEASE]
	at org.springframework.beans.factory.support.AbstractBeanFactory.getBean(AbstractBeanFactory.java:199) ~[spring-beans-5.1.7.RELEASE.jar:5.1.7.RELEASE]
	at org.springframework.beans.factory.config.DependencyDescriptor.resolveCandidate(DependencyDescriptor.java:277) ~[spring-beans-5.1.7.RELEASE.jar:5.1.7.RELEASE]
	at org.springframework.beans.factory.support.DefaultListableBeanFactory.doResolveDependency(DefaultListableBeanFactory.java:1248) ~[spring-beans-5.1.7.RELEASE.jar:5.1.7.RELEASE]
	at org.springframework.beans.factory.support.DefaultListableBeanFactory.resolveDependency(DefaultListableBeanFactory.java:1168) ~[spring-beans-5.1.7.RELEASE.jar:5.1.7.RELEASE]
	at org.springframework.beans.factory.annotation.AutowiredAnnotationBeanPostProcessor$AutowiredMethodElement.inject(AutowiredAnnotationBeanPostProcessor.java:668) ~[spring-beans-5.1.7.RELEASE.jar:5.1.7.RELEASE]
	... 87 common frames omitted
Caused by: org.springframework.boot.context.properties.bind.BindException: Failed to bind properties under 'sfg.brewery' to guru.springframework.msscbeerservice.services.inventory.BeerInventoryServiceRestTemplateImpl
	at org.springframework.boot.context.properties.bind.Binder.handleBindError(Binder.java:249) ~[spring-boot-2.1.5.RELEASE.jar:2.1.5.RELEASE]
	at org.springframework.boot.context.properties.bind.Binder.bind(Binder.java:225) ~[spring-boot-2.1.5.RELEASE.jar:2.1.5.RELEASE]
	at org.springframework.boot.context.properties.bind.Binder.bind(Binder.java:208) ~[spring-boot-2.1.5.RELEASE.jar:2.1.5.RELEASE]
	at org.springframework.boot.context.properties.bind.Binder.bind(Binder.java:190) ~[spring-boot-2.1.5.RELEASE.jar:2.1.5.RELEASE]
	at org.springframework.boot.context.properties.ConfigurationPropertiesBinder.bind(ConfigurationPropertiesBinder.java:83) ~[spring-boot-2.1.5.RELEASE.jar:2.1.5.RELEASE]
	at org.springframework.boot.context.properties.ConfigurationPropertiesBindingPostProcessor.bind(ConfigurationPropertiesBindingPostProcessor.java:107) ~[spring-boot-2.1.5.RELEASE.jar:2.1.5.RELEASE]
	... 100 common frames omitted
Caused by: org.springframework.boot.context.properties.bind.UnboundConfigurationPropertiesException: The elements [sfg.brewery.beer-inventory-service-host] were left unbound.
	at org.springframework.boot.context.properties.bind.handler.NoUnboundElementsBindHandler.checkNoUnboundElements(NoUnboundElementsBindHandler.java:88) ~[spring-boot-2.1.5.RELEASE.jar:2.1.5.RELEASE]
	at org.springframework.boot.context.properties.bind.handler.NoUnboundElementsBindHandler.onFinish(NoUnboundElementsBindHandler.java:73) ~[spring-boot-2.1.5.RELEASE.jar:2.1.5.RELEASE]
	at org.springframework.boot.context.properties.bind.Binder.handleBindResult(Binder.java:235) ~[spring-boot-2.1.5.RELEASE.jar:2.1.5.RELEASE]
	at org.springframework.boot.context.properties.bind.Binder.bind(Binder.java:222) ~[spring-boot-2.1.5.RELEASE.jar:2.1.5.RELEASE]
	... 104 common frames omitted

]]></system-out>
  </testcase>
</testsuite>